[debug] [2025-08-16T06:04:25.544Z] ----------------------------------------------------------------------
[debug] [2025-08-16T06:04:25.547Z] Command:       C:\Program Files\nodejs\node.exe C:\Users\MANJOT AULAKH\AppData\Roaming\npm\node_modules\firebase-tools\lib\bin\firebase.js functions:shell
[debug] [2025-08-16T06:04:25.548Z] CLI Version:   14.9.0
[debug] [2025-08-16T06:04:25.548Z] Platform:      win32
[debug] [2025-08-16T06:04:25.548Z] Node Version:  v22.17.0
[debug] [2025-08-16T06:04:25.549Z] Time:          Sat Aug 16 2025 11:34:25 GMT+0530 (India Standard Time)
[debug] [2025-08-16T06:04:25.549Z] ----------------------------------------------------------------------
[debug] 
[debug] [2025-08-16T06:04:25.913Z] > command requires scopes: ["email","openid","https://www.googleapis.com/auth/cloudplatformprojects.readonly","https://www.googleapis.com/auth/firebase","https://www.googleapis.com/auth/cloud-platform"]
[debug] [2025-08-16T06:04:25.913Z] > authorizing via signed-in user (sukhwindersukh689@gmail.com)
[debug] [2025-08-16T06:04:25.914Z] [iam] checking project courier-portal-ydl-ab4e0 for permissions ["firebase.projects.get"]
[debug] [2025-08-16T06:04:25.915Z] Checked if tokens are valid: false, expires at: 1755321700974
[debug] [2025-08-16T06:04:25.916Z] Checked if tokens are valid: false, expires at: 1755321700974
[debug] [2025-08-16T06:04:25.916Z] > refreshing access token with scopes: []
[debug] [2025-08-16T06:04:25.918Z] >>> [apiv2][query] POST https://www.googleapis.com/oauth2/v3/token [none]
[debug] [2025-08-16T06:04:25.918Z] >>> [apiv2][body] POST https://www.googleapis.com/oauth2/v3/token [omitted]
[debug] [2025-08-16T06:04:26.193Z] <<< [apiv2][status] POST https://www.googleapis.com/oauth2/v3/token 200
[debug] [2025-08-16T06:04:26.193Z] <<< [apiv2][body] POST https://www.googleapis.com/oauth2/v3/token [omitted]
[debug] [2025-08-16T06:04:26.208Z] >>> [apiv2][query] POST https://cloudresourcemanager.googleapis.com/v1/projects/courier-portal-ydl-ab4e0:testIamPermissions [none]
[debug] [2025-08-16T06:04:26.208Z] >>> [apiv2][(partial)header] POST https://cloudresourcemanager.googleapis.com/v1/projects/courier-portal-ydl-ab4e0:testIamPermissions x-goog-quota-user=projects/courier-portal-ydl-ab4e0
[debug] [2025-08-16T06:04:26.208Z] >>> [apiv2][body] POST https://cloudresourcemanager.googleapis.com/v1/projects/courier-portal-ydl-ab4e0:testIamPermissions {"permissions":["firebase.projects.get"]}
[debug] [2025-08-16T06:04:27.699Z] <<< [apiv2][status] POST https://cloudresourcemanager.googleapis.com/v1/projects/courier-portal-ydl-ab4e0:testIamPermissions 200
[debug] [2025-08-16T06:04:27.699Z] <<< [apiv2][body] POST https://cloudresourcemanager.googleapis.com/v1/projects/courier-portal-ydl-ab4e0:testIamPermissions {"permissions":["firebase.projects.get"]}
[debug] [2025-08-16T06:04:27.710Z] [functions] Functions Emulator only supports listening on one address (127.0.0.1). Not listening on ::1
[debug] [2025-08-16T06:04:27.790Z] defaultcredentials: writing to file C:\Users\MANJOT AULAKH\AppData\Roaming\firebase\sukhwindersukh689_gmail_com_application_default_credentials.json
[debug] [2025-08-16T06:04:27.794Z] DEBUG: Setting GAC to C:\Users\MANJOT AULAKH\AppData\Roaming\firebase\sukhwindersukh689_gmail_com_application_default_credentials.json
[debug] [2025-08-16T06:04:27.795Z] Checked if tokens are valid: true, expires at: 1755327865194
[debug] [2025-08-16T06:04:27.795Z] Checked if tokens are valid: true, expires at: 1755327865194
[debug] [2025-08-16T06:04:27.795Z] >>> [apiv2][query] GET https://firebase.googleapis.com/v1beta1/projects/courier-portal-ydl-ab4e0/adminSdkConfig [none]
[debug] [2025-08-16T06:04:28.502Z] <<< [apiv2][status] GET https://firebase.googleapis.com/v1beta1/projects/courier-portal-ydl-ab4e0/adminSdkConfig 200
[debug] [2025-08-16T06:04:28.503Z] <<< [apiv2][body] GET https://firebase.googleapis.com/v1beta1/projects/courier-portal-ydl-ab4e0/adminSdkConfig {"projectId":"courier-portal-ydl-ab4e0","storageBucket":"courier-portal-ydl-ab4e0.firebasestorage.app"}
[debug] [2025-08-16T06:04:28.529Z] [functions] Watching "C:\Users\MANJOT AULAKH\Desktop\courier-dashboard\functions" for Cloud Functions...
[debug] [2025-08-16T06:04:28.541Z] Validating nodejs source
[warn] !  functions: package.json indicates an outdated version of firebase-functions. Please upgrade using npm install --save firebase-functions@latest in your functions directory. 
[warn] !  functions: Please note that there will be breaking changes when you upgrade. 
[debug] [2025-08-16T06:04:30.412Z] > [functions] package.json contents: {
  "name": "functions",
  "description": "Cloud Functions for Firebase",
  "scripts": {
    "lint": "eslint .",
    "build": "tsc",
    "serve": "npm run build && firebase emulators:start --only functions",
    "shell": "npm run build && firebase functions:shell",
    "start": "npm run shell",
    "deploy": "firebase deploy --only functions",
    "logs": "firebase functions:log"
  },
  "engines": {
    "node": "20"
  },
  "main": "index.js",
  "dependencies": {
    "firebase-admin": "^11.10.1",
    "firebase-functions": "^4.4.1",
    "luxon": "^3.7.1",
    "nodemailer": "^7.0.5"
  },
  "devDependencies": {
    "eslint": "^8.57.0",
    "eslint-config-google": "^0.14.0"
  },
  "private": true
}
[debug] [2025-08-16T06:04:30.412Z] Building nodejs source
[debug] [2025-08-16T06:04:30.413Z] Failed to find version of module node: reached end of search path C:\Users\MANJOT AULAKH\Desktop\courier-dashboard\functions\node_modules
[warn] !  functions: Your requested "node" version "20" doesn't match your global version "22". Using node@22 from host. 
[info] i  functions: You are using a version of firebase-functions SDK (4.4.1) that does not have support for the newest Firebase Extensions features. Please update firebase-functions SDK to >=5.1.0 to use them correctly 
[debug] [2025-08-16T06:04:30.417Z] Could not find functions.yaml. Must use http discovery
[debug] [2025-08-16T06:04:30.441Z] Found firebase-functions binary at 'C:\Users\MANJOT AULAKH\Desktop\courier-dashboard\functions\node_modules\.bin\firebase-functions'
[info] Serving at port 8147

[debug] [2025-08-16T06:04:31.702Z] Got response from /__/functions.yaml {"endpoints":{"sendEmiAlerts":{"platform":"gcfv1","availableMemoryMb":null,"timeoutSeconds":null,"minInstances":null,"maxInstances":null,"ingressSettings":null,"serviceAccountEmail":null,"vpc":null,"scheduleTrigger":{"schedule":"0 9 * * *","retryConfig":{"retryCount":null,"maxDoublings":null,"maxRetryDuration":null,"maxBackoffDuration":null,"minBackoffDuration":null},"timeZone":"Asia/Kolkata"},"labels":{},"entryPoint":"sendEmiAlerts"},"testNodemailer":{"platform":"gcfv1","availableMemoryMb":null,"timeoutSeconds":null,"minInstances":null,"maxInstances":null,"ingressSettings":null,"serviceAccountEmail":null,"vpc":null,"httpsTrigger":{},"entryPoint":"testNodemailer"},"testRunEmiAlerts":{"platform":"gcfv1","availableMemoryMb":null,"timeoutSeconds":null,"minInstances":null,"maxInstances":null,"ingressSettings":null,"serviceAccountEmail":null,"vpc":null,"httpsTrigger":{},"entryPoint":"testRunEmiAlerts"}},"specVersion":"v1alpha1","requiredAPIs":[{"api":"cloudscheduler.googleapis.com","reason":"Needed for scheduled functions."}]}
[info] shutdown requested via /__/quitquitquit

[debug] [2025-08-16T06:04:35.764Z] [functions] Loaded functions definitions from source: sendEmiAlerts, testNodemailer, testRunEmiAlerts.
[debug] [2025-08-16T06:04:35.766Z] [functions[us-central1-sendEmiAlerts]] function ignored because the pubsub emulator does not exist or is not running.
[debug] [2025-08-16T06:04:35.768Z] [functions[us-central1-testNodemailer]] http function initialized (http://127.0.0.1:5000/courier-portal-ydl-ab4e0/us-central1/testNodemailer).
[debug] [2025-08-16T06:04:35.769Z] [functions[us-central1-testRunEmiAlerts]] http function initialized (http://127.0.0.1:5000/courier-portal-ydl-ab4e0/us-central1/testRunEmiAlerts).
[info] i  functions: Loaded functions: sendEmiAlerts, testNodemailer, testRunEmiAlerts 
[warn] !  functions: The following emulators are not running, calls to these services will affect production: firestore, database, pubsub, storage, eventarc, tasks 
[debug] [2025-08-16T06:04:59.130Z] shell:sendEmiAlerts: trigger={"entryPoint":"sendEmiAlerts","platform":"gcfv1","region":"us-central1","name":"sendEmiAlerts","id":"us-central1-sendEmiAlerts","codebase":"default","availableMemoryMb":256,"labels":{"EVENTARC_CLOUD_EVENT_SOURCE":"cloudfunctions-emulated.googleapis.com/projects/courier-portal-ydl-ab4e0/locations/us-central1/functions/sendEmiAlerts"},"timeoutSeconds":60,"secretEnvironmentVariables":[],"eventTrigger":{"eventType":"pubsub","resource":""},"schedule":{"schedule":"0 9 * * *","timeZone":"Asia/Kolkata","retryConfig":{"maxBackoffSeconds":null,"minBackoffSeconds":null,"maxRetrySeconds":null,"retryCount":null,"maxDoublings":null}}}
[debug] [2025-08-16T06:04:59.131Z] shell:sendEmiAlerts: opts={}, data={}
[debug] [2025-08-16T06:04:59.172Z] DEBUG: [worker-pool] addWorker(us-central1-sendEmiAlerts)
[debug] [2025-08-16T06:04:59.174Z] DEBUG: [worker-pool] Adding worker with key us-central1-sendEmiAlerts, total=1
[debug] [2025-08-16T06:05:01.198Z] DEBUG: [runtime-status] [15160] Resolved module firebase-admin {"declared":true,"installed":true,"version":"11.10.1","resolution":"C:\\Users\\MANJOT AULAKH\\Desktop\\courier-dashboard\\functions\\node_modules\\firebase-admin\\lib\\index.js"}
[debug] [2025-08-16T06:05:01.200Z] DEBUG: [runtime-status] [15160] Resolved module firebase-functions {"declared":true,"installed":true,"version":"4.4.1","resolution":"C:\\Users\\MANJOT AULAKH\\Desktop\\courier-dashboard\\functions\\node_modules\\firebase-functions\\lib\\v1\\index.js"}
[debug] [2025-08-16T06:05:01.204Z] DEBUG: [runtime-status] [15160] Outgoing network have been stubbed. [{"name":"http","status":"mocked"},{"name":"http","status":"mocked"},{"name":"https","status":"mocked"},{"name":"https","status":"mocked"},{"name":"net","status":"mocked"}]
[debug] [2025-08-16T06:05:01.206Z] DEBUG: [runtime-status] [15160] Resolved module firebase-functions {"declared":true,"installed":true,"version":"4.4.1","resolution":"C:\\Users\\MANJOT AULAKH\\Desktop\\courier-dashboard\\functions\\node_modules\\firebase-functions\\lib\\v1\\index.js"}
[debug] [2025-08-16T06:05:01.631Z] DEBUG: [runtime-status] [15160] Checked functions.config() {"config":{}}
[debug] [2025-08-16T06:05:01.632Z] DEBUG: [runtime-status] [15160] firebase-functions has been stubbed. {"functionsResolution":{"declared":true,"installed":true,"version":"4.4.1","resolution":"C:\\Users\\MANJOT AULAKH\\Desktop\\courier-dashboard\\functions\\node_modules\\firebase-functions\\lib\\v1\\index.js"}}
[debug] [2025-08-16T06:05:01.634Z] DEBUG: [runtime-status] [15160] Resolved module firebase-functions {"declared":true,"installed":true,"version":"4.4.1","resolution":"C:\\Users\\MANJOT AULAKH\\Desktop\\courier-dashboard\\functions\\node_modules\\firebase-functions\\lib\\v1\\index.js"}
[debug] [2025-08-16T06:05:01.639Z] DEBUG: [runtime-status] [15160] Resolved module firebase-admin {"declared":true,"installed":true,"version":"11.10.1","resolution":"C:\\Users\\MANJOT AULAKH\\Desktop\\courier-dashboard\\functions\\node_modules\\firebase-admin\\lib\\index.js"}
[debug] [2025-08-16T06:05:01.643Z] DEBUG: [runtime-status] [15160] Resolved module firebase-functions {"declared":true,"installed":true,"version":"4.4.1","resolution":"C:\\Users\\MANJOT AULAKH\\Desktop\\courier-dashboard\\functions\\node_modules\\firebase-functions\\lib\\v1\\index.js"}
[debug] [2025-08-16T06:05:01.644Z] DEBUG: [runtime-status] [15160] firebase-admin has been stubbed. {"adminResolution":{"declared":true,"installed":true,"version":"11.10.1","resolution":"C:\\Users\\MANJOT AULAKH\\Desktop\\courier-dashboard\\functions\\node_modules\\firebase-admin\\lib\\index.js"}}
[debug] [2025-08-16T06:05:01.718Z] DEBUG: [runtime-status] [15160] initializeApp(DEFAULT) {"storageBucket":"courier-portal-ydl-ab4e0.firebasestorage.app","projectId":"courier-portal-ydl-ab4e0"}
[warn] !  functions: The Cloud Firestore emulator is not running, so calls to Firestore will affect production. {"metadata":{"emulator":{"name":"functions"},"function":{"name":"us-central1-sendEmiAlerts"},"extension":{},"message":"The Cloud Firestore emulator is not running, so calls to Firestore will affect production."}}
[debug] [2025-08-16T06:05:01.744Z] DEBUG: [runtime-status] [15160] Functions runtime initialized. {"cwd":"C:\\Users\\MANJOT AULAKH\\Desktop\\courier-dashboard\\functions","node_version":"22.17.0"}
[debug] [2025-08-16T06:05:01.744Z] DEBUG: [runtime-status] [15160] Listening to port: \\?\pipe\fire_emu_9a5564b1c7b34f6d
[debug] [2025-08-16T06:05:01.838Z] DEBUG: [worker-us-central1-sendEmiAlerts-2a9043e1-7142-415d-a5b8-db2873aefa27]: IDLE
[debug] [2025-08-16T06:05:01.905Z] DEBUG: [runtime-status] [15160] RunBackground {"data":{},"context":{"eventId":"8a89864c-a97c-426b-b7f4-614b403ae5a6","timestamp":"2025-08-16T06:04:59.137Z","eventType":"pubsub","auth":{"admin":false}}}
[info] >  🚀 EMI Alert Check Started... {"user":"🚀 EMI Alert Check Started...","metadata":{"emulator":{"name":"functions"},"function":{"name":"us-central1-sendEmiAlerts"},"extension":{},"message":"\u001b[90m> \u001b[39m 🚀 EMI Alert Check Started..."}}
[warn] !  Google API requested!
   - URL: "https://oauth2.googleapis.com/token"
   - Be careful, this may be a production service. {"metadata":{"emulator":{"name":"functions"},"function":{"name":"us-central1-sendEmiAlerts"},"extension":{},"message":"Google API requested!\n   - URL: \"https://oauth2.googleapis.com/token\"\n   - Be careful, this may be a production service."}}
[info] >  Checking PB 13 BS 4164 - Due Date: 2025-09-10 - DiffDays: 25 {"user":"Checking PB 13 BS 4164 - Due Date: 2025-09-10 - DiffDays: 25","metadata":{"emulator":{"name":"functions"},"function":{"name":"us-central1-sendEmiAlerts"},"extension":{},"message":"\u001b[90m> \u001b[39m Checking PB 13 BS 4164 - Due Date: 2025-09-10 - DiffDays: 25"}}
[info] >  Checking PB 13 BM 5714 - Due Date: 2025-09-10 - DiffDays: 25 {"user":"Checking PB 13 BM 5714 - Due Date: 2025-09-10 - DiffDays: 25","metadata":{"emulator":{"name":"functions"},"function":{"name":"us-central1-sendEmiAlerts"},"extension":{},"message":"\u001b[90m> \u001b[39m Checking PB 13 BM 5714 - Due Date: 2025-09-10 - DiffDays: 25"}}
[info] >  Checking PB 13 BM 1465 - Due Date: 2025-08-18 - DiffDays: 2 {"user":"Checking PB 13 BM 1465 - Due Date: 2025-08-18 - DiffDays: 2","metadata":{"emulator":{"name":"functions"},"function":{"name":"us-central1-sendEmiAlerts"},"extension":{},"message":"\u001b[90m> \u001b[39m Checking PB 13 BM 1465 - Due Date: 2025-08-18 - DiffDays: 2"}}
[info] >  ✅ Email sent to garrykharoud26@gmail.com {"user":"✅ Email sent to garrykharoud26@gmail.com","metadata":{"emulator":{"name":"functions"},"function":{"name":"us-central1-sendEmiAlerts"},"extension":{},"message":"\u001b[90m> \u001b[39m ✅ Email sent to garrykharoud26@gmail.com"}}
[info] >  ✅ Email sent to sukhwindersukh689@gmail.com {"user":"✅ Email sent to sukhwindersukh689@gmail.com","metadata":{"emulator":{"name":"functions"},"function":{"name":"us-central1-sendEmiAlerts"},"extension":{},"message":"\u001b[90m> \u001b[39m ✅ Email sent to sukhwindersukh689@gmail.com"}}
[info] >  ✅ Email sent to ydlcourier@gmail.com {"user":"✅ Email sent to ydlcourier@gmail.com","metadata":{"emulator":{"name":"functions"},"function":{"name":"us-central1-sendEmiAlerts"},"extension":{},"message":"\u001b[90m> \u001b[39m ✅ Email sent to ydlcourier@gmail.com"}}
[info] >  ✅ Email sent to bglogistic.service@gmail.com {"user":"✅ Email sent to bglogistic.service@gmail.com","metadata":{"emulator":{"name":"functions"},"function":{"name":"us-central1-sendEmiAlerts"},"extension":{},"message":"\u001b[90m> \u001b[39m ✅ Email sent to bglogistic.service@gmail.com"}}
[info] >  ✅ Email sent to garrykharoud26@gmail.com {"user":"✅ Email sent to garrykharoud26@gmail.com","metadata":{"emulator":{"name":"functions"},"function":{"name":"us-central1-sendEmiAlerts"},"extension":{},"message":"\u001b[90m> \u001b[39m ✅ Email sent to garrykharoud26@gmail.com"}}
[info] >  ✅ Email sent to sukhwindersukh689@gmail.com {"user":"✅ Email sent to sukhwindersukh689@gmail.com","metadata":{"emulator":{"name":"functions"},"function":{"name":"us-central1-sendEmiAlerts"},"extension":{},"message":"\u001b[90m> \u001b[39m ✅ Email sent to sukhwindersukh689@gmail.com"}}
[info] >  ✅ Email sent to ydlcourier@gmail.com {"user":"✅ Email sent to ydlcourier@gmail.com","metadata":{"emulator":{"name":"functions"},"function":{"name":"us-central1-sendEmiAlerts"},"extension":{},"message":"\u001b[90m> \u001b[39m ✅ Email sent to ydlcourier@gmail.com"}}
[info] >  ✅ Email sent to bglogistic.service@gmail.com {"user":"✅ Email sent to bglogistic.service@gmail.com","metadata":{"emulator":{"name":"functions"},"function":{"name":"us-central1-sendEmiAlerts"},"extension":{},"message":"\u001b[90m> \u001b[39m ✅ Email sent to bglogistic.service@gmail.com"}}
[info] >  Checking PB 13 BM 3531 - Due Date: 2025-09-10 - DiffDays: 25 {"user":"Checking PB 13 BM 3531 - Due Date: 2025-09-10 - DiffDays: 25","metadata":{"emulator":{"name":"functions"},"function":{"name":"us-central1-sendEmiAlerts"},"extension":{},"message":"\u001b[90m> \u001b[39m Checking PB 13 BM 3531 - Due Date: 2025-09-10 - DiffDays: 25"}}
[info] >  Checking PB 31 Y 4135 - Due Date: 2025-09-15 - DiffDays: 30 {"user":"Checking PB 31 Y 4135 - Due Date: 2025-09-15 - DiffDays: 30","metadata":{"emulator":{"name":"functions"},"function":{"name":"us-central1-sendEmiAlerts"},"extension":{},"message":"\u001b[90m> \u001b[39m Checking PB 31 Y 4135 - Due Date: 2025-09-15 - DiffDays: 30"}}
[info] >  Checking PB 31 Z 3313 - Due Date: 2025-09-05 - DiffDays: 20 {"user":"Checking PB 31 Z 3313 - Due Date: 2025-09-05 - DiffDays: 20","metadata":{"emulator":{"name":"functions"},"function":{"name":"us-central1-sendEmiAlerts"},"extension":{},"message":"\u001b[90m> \u001b[39m Checking PB 31 Z 3313 - Due Date: 2025-09-05 - DiffDays: 20"}}
[info] >  Checking PB 13 BS 8526 - Due Date: 2025-09-04 - DiffDays: 19 {"user":"Checking PB 13 BS 8526 - Due Date: 2025-09-04 - DiffDays: 19","metadata":{"emulator":{"name":"functions"},"function":{"name":"us-central1-sendEmiAlerts"},"extension":{},"message":"\u001b[90m> \u001b[39m Checking PB 13 BS 8526 - Due Date: 2025-09-04 - DiffDays: 19"}}
[info] >  Checking PB 13 BT 4316 - Due Date: 2025-09-01 - DiffDays: 16 {"user":"Checking PB 13 BT 4316 - Due Date: 2025-09-01 - DiffDays: 16","metadata":{"emulator":{"name":"functions"},"function":{"name":"us-central1-sendEmiAlerts"},"extension":{},"message":"\u001b[90m> \u001b[39m Checking PB 13 BT 4316 - Due Date: 2025-09-01 - DiffDays: 16"}}
[info] >  Checking PB 13 BN 6256 - Due Date: 2025-09-10 - DiffDays: 25 {"user":"Checking PB 13 BN 6256 - Due Date: 2025-09-10 - DiffDays: 25","metadata":{"emulator":{"name":"functions"},"function":{"name":"us-central1-sendEmiAlerts"},"extension":{},"message":"\u001b[90m> \u001b[39m Checking PB 13 BN 6256 - Due Date: 2025-09-10 - DiffDays: 25"}}
[info] >  Checking PB 13 BU 7002 - Due Date: 2025-08-20 - DiffDays: 4 {"user":"Checking PB 13 BU 7002 - Due Date: 2025-08-20 - DiffDays: 4","metadata":{"emulator":{"name":"functions"},"function":{"name":"us-central1-sendEmiAlerts"},"extension":{},"message":"\u001b[90m> \u001b[39m Checking PB 13 BU 7002 - Due Date: 2025-08-20 - DiffDays: 4"}}
[info] >  Checking PB 31 Y 3793 - Due Date: 2025-08-20 - DiffDays: 4 {"user":"Checking PB 31 Y 3793 - Due Date: 2025-08-20 - DiffDays: 4","metadata":{"emulator":{"name":"functions"},"function":{"name":"us-central1-sendEmiAlerts"},"extension":{},"message":"\u001b[90m> \u001b[39m Checking PB 31 Y 3793 - Due Date: 2025-08-20 - DiffDays: 4"}}
[info] >  Checking PB 13 BN 2950 - Due Date: 2025-09-05 - DiffDays: 20 {"user":"Checking PB 13 BN 2950 - Due Date: 2025-09-05 - DiffDays: 20","metadata":{"emulator":{"name":"functions"},"function":{"name":"us-central1-sendEmiAlerts"},"extension":{},"message":"\u001b[90m> \u001b[39m Checking PB 13 BN 2950 - Due Date: 2025-09-05 - DiffDays: 20"}}
[info] >  Checking PB 19 X 1281  PB 19 X 1280 - Due Date: 2025-08-25 - DiffDays: 9 {"user":"Checking PB 19 X 1281  PB 19 X 1280 - Due Date: 2025-08-25 - DiffDays: 9","metadata":{"emulator":{"name":"functions"},"function":{"name":"us-central1-sendEmiAlerts"},"extension":{},"message":"\u001b[90m> \u001b[39m Checking PB 19 X 1281  PB 19 X 1280 - Due Date: 2025-08-25 - DiffDays: 9"}}
[info] >  Checking PB 13 BN 3688 - Due Date: 2025-09-10 - DiffDays: 25 {"user":"Checking PB 13 BN 3688 - Due Date: 2025-09-10 - DiffDays: 25","metadata":{"emulator":{"name":"functions"},"function":{"name":"us-central1-sendEmiAlerts"},"extension":{},"message":"\u001b[90m> \u001b[39m Checking PB 13 BN 3688 - Due Date: 2025-09-10 - DiffDays: 25"}}
[info] >  Checking PB 13 BT 8198 - Due Date: 2025-09-10 - DiffDays: 25 {"user":"Checking PB 13 BT 8198 - Due Date: 2025-09-10 - DiffDays: 25","metadata":{"emulator":{"name":"functions"},"function":{"name":"us-central1-sendEmiAlerts"},"extension":{},"message":"\u001b[90m> \u001b[39m Checking PB 13 BT 8198 - Due Date: 2025-09-10 - DiffDays: 25"}}
[info] >  Checking PB 13 BT 9927 - Due Date: 2025-09-04 - DiffDays: 19 {"user":"Checking PB 13 BT 9927 - Due Date: 2025-09-04 - DiffDays: 19","metadata":{"emulator":{"name":"functions"},"function":{"name":"us-central1-sendEmiAlerts"},"extension":{},"message":"\u001b[90m> \u001b[39m Checking PB 13 BT 9927 - Due Date: 2025-09-04 - DiffDays: 19"}}
[info] >  Checking PB 13 BM 4042 - Due Date: 2025-08-22 - DiffDays: 6 {"user":"Checking PB 13 BM 4042 - Due Date: 2025-08-22 - DiffDays: 6","metadata":{"emulator":{"name":"functions"},"function":{"name":"us-central1-sendEmiAlerts"},"extension":{},"message":"\u001b[90m> \u001b[39m Checking PB 13 BM 4042 - Due Date: 2025-08-22 - DiffDays: 6"}}
[info] >  Checking PB 13 BT 4317 - Due Date: 2025-09-01 - DiffDays: 16 {"user":"Checking PB 13 BT 4317 - Due Date: 2025-09-01 - DiffDays: 16","metadata":{"emulator":{"name":"functions"},"function":{"name":"us-central1-sendEmiAlerts"},"extension":{},"message":"\u001b[90m> \u001b[39m Checking PB 13 BT 4317 - Due Date: 2025-09-01 - DiffDays: 16"}}
[info] >  Checking PB 13 BS 6826 - Due Date: 2025-09-04 - DiffDays: 19 {"user":"Checking PB 13 BS 6826 - Due Date: 2025-09-04 - DiffDays: 19","metadata":{"emulator":{"name":"functions"},"function":{"name":"us-central1-sendEmiAlerts"},"extension":{},"message":"\u001b[90m> \u001b[39m Checking PB 13 BS 6826 - Due Date: 2025-09-04 - DiffDays: 19"}}
[info] >  Checking PB 13 BN 2949 - Due Date: 2025-09-03 - DiffDays: 18 {"user":"Checking PB 13 BN 2949 - Due Date: 2025-09-03 - DiffDays: 18","metadata":{"emulator":{"name":"functions"},"function":{"name":"us-central1-sendEmiAlerts"},"extension":{},"message":"\u001b[90m> \u001b[39m Checking PB 13 BN 2949 - Due Date: 2025-09-03 - DiffDays: 18"}}
[info] >  Checking PB 13 BP 0140 - Due Date: 2025-09-10 - DiffDays: 25 {"user":"Checking PB 13 BP 0140 - Due Date: 2025-09-10 - DiffDays: 25","metadata":{"emulator":{"name":"functions"},"function":{"name":"us-central1-sendEmiAlerts"},"extension":{},"message":"\u001b[90m> \u001b[39m Checking PB 13 BP 0140 - Due Date: 2025-09-10 - DiffDays: 25"}}
[info] >  Checking PB 13 BN 6255 - Due Date: 2025-09-10 - DiffDays: 25 {"user":"Checking PB 13 BN 6255 - Due Date: 2025-09-10 - DiffDays: 25","metadata":{"emulator":{"name":"functions"},"function":{"name":"us-central1-sendEmiAlerts"},"extension":{},"message":"\u001b[90m> \u001b[39m Checking PB 13 BN 6255 - Due Date: 2025-09-10 - DiffDays: 25"}}
[info] >  Checking PB 13 BN 9979 - Due Date: 2025-09-05 - DiffDays: 20 {"user":"Checking PB 13 BN 9979 - Due Date: 2025-09-05 - DiffDays: 20","metadata":{"emulator":{"name":"functions"},"function":{"name":"us-central1-sendEmiAlerts"},"extension":{},"message":"\u001b[90m> \u001b[39m Checking PB 13 BN 9979 - Due Date: 2025-09-05 - DiffDays: 20"}}
[info] >  Checking PB 13 BR 1139 - Due Date: 2025-09-10 - DiffDays: 25 {"user":"Checking PB 13 BR 1139 - Due Date: 2025-09-10 - DiffDays: 25","metadata":{"emulator":{"name":"functions"},"function":{"name":"us-central1-sendEmiAlerts"},"extension":{},"message":"\u001b[90m> \u001b[39m Checking PB 13 BR 1139 - Due Date: 2025-09-10 - DiffDays: 25"}}
[info] >  Checking PB 13 BM 8575 - Due Date: 2025-09-10 - DiffDays: 25 {"user":"Checking PB 13 BM 8575 - Due Date: 2025-09-10 - DiffDays: 25","metadata":{"emulator":{"name":"functions"},"function":{"name":"us-central1-sendEmiAlerts"},"extension":{},"message":"\u001b[90m> \u001b[39m Checking PB 13 BM 8575 - Due Date: 2025-09-10 - DiffDays: 25"}}
[info] >  Checking PB 13 BN 2948 - Due Date: 2025-09-04 - DiffDays: 19 {"user":"Checking PB 13 BN 2948 - Due Date: 2025-09-04 - DiffDays: 19","metadata":{"emulator":{"name":"functions"},"function":{"name":"us-central1-sendEmiAlerts"},"extension":{},"message":"\u001b[90m> \u001b[39m Checking PB 13 BN 2948 - Due Date: 2025-09-04 - DiffDays: 19"}}
[info] >  Checking PB 13 BN 2946 - Due Date: 2025-09-10 - DiffDays: 25 {"user":"Checking PB 13 BN 2946 - Due Date: 2025-09-10 - DiffDays: 25","metadata":{"emulator":{"name":"functions"},"function":{"name":"us-central1-sendEmiAlerts"},"extension":{},"message":"\u001b[90m> \u001b[39m Checking PB 13 BN 2946 - Due Date: 2025-09-10 - DiffDays: 25"}}
[info] >  Checking PB 13 BT 2657 - Due Date: 2025-09-05 - DiffDays: 20 {"user":"Checking PB 13 BT 2657 - Due Date: 2025-09-05 - DiffDays: 20","metadata":{"emulator":{"name":"functions"},"function":{"name":"us-central1-sendEmiAlerts"},"extension":{},"message":"\u001b[90m> \u001b[39m Checking PB 13 BT 2657 - Due Date: 2025-09-05 - DiffDays: 20"}}
[info] >  Checking PB 13 BM 1469 - Due Date: 2025-08-18 - DiffDays: 2 {"user":"Checking PB 13 BM 1469 - Due Date: 2025-08-18 - DiffDays: 2","metadata":{"emulator":{"name":"functions"},"function":{"name":"us-central1-sendEmiAlerts"},"extension":{},"message":"\u001b[90m> \u001b[39m Checking PB 13 BM 1469 - Due Date: 2025-08-18 - DiffDays: 2"}}
[info] >  ✅ Email sent to garrykharoud26@gmail.com {"user":"✅ Email sent to garrykharoud26@gmail.com","metadata":{"emulator":{"name":"functions"},"function":{"name":"us-central1-sendEmiAlerts"},"extension":{},"message":"\u001b[90m> \u001b[39m ✅ Email sent to garrykharoud26@gmail.com"}}
[info] >  ✅ Email sent to sukhwindersukh689@gmail.com {"user":"✅ Email sent to sukhwindersukh689@gmail.com","metadata":{"emulator":{"name":"functions"},"function":{"name":"us-central1-sendEmiAlerts"},"extension":{},"message":"\u001b[90m> \u001b[39m ✅ Email sent to sukhwindersukh689@gmail.com"}}
[info] >  ✅ Email sent to ydlcourier@gmail.com {"user":"✅ Email sent to ydlcourier@gmail.com","metadata":{"emulator":{"name":"functions"},"function":{"name":"us-central1-sendEmiAlerts"},"extension":{},"message":"\u001b[90m> \u001b[39m ✅ Email sent to ydlcourier@gmail.com"}}
[info] >  ✅ Email sent to bglogistic.service@gmail.com {"user":"✅ Email sent to bglogistic.service@gmail.com","metadata":{"emulator":{"name":"functions"},"function":{"name":"us-central1-sendEmiAlerts"},"extension":{},"message":"\u001b[90m> \u001b[39m ✅ Email sent to bglogistic.service@gmail.com"}}
[info] >  ✅ Email sent to garrykharoud26@gmail.com {"user":"✅ Email sent to garrykharoud26@gmail.com","metadata":{"emulator":{"name":"functions"},"function":{"name":"us-central1-sendEmiAlerts"},"extension":{},"message":"\u001b[90m> \u001b[39m ✅ Email sent to garrykharoud26@gmail.com"}}
[info] >  ✅ Email sent to sukhwindersukh689@gmail.com {"user":"✅ Email sent to sukhwindersukh689@gmail.com","metadata":{"emulator":{"name":"functions"},"function":{"name":"us-central1-sendEmiAlerts"},"extension":{},"message":"\u001b[90m> \u001b[39m ✅ Email sent to sukhwindersukh689@gmail.com"}}
[info] >  ✅ Email sent to ydlcourier@gmail.com {"user":"✅ Email sent to ydlcourier@gmail.com","metadata":{"emulator":{"name":"functions"},"function":{"name":"us-central1-sendEmiAlerts"},"extension":{},"message":"\u001b[90m> \u001b[39m ✅ Email sent to ydlcourier@gmail.com"}}
[info] >  ✅ Email sent to bglogistic.service@gmail.com {"user":"✅ Email sent to bglogistic.service@gmail.com","metadata":{"emulator":{"name":"functions"},"function":{"name":"us-central1-sendEmiAlerts"},"extension":{},"message":"\u001b[90m> \u001b[39m ✅ Email sent to bglogistic.service@gmail.com"}}
[info] >  Checking PB 13 BS 6827 - Due Date: 2025-09-04 - DiffDays: 19 {"user":"Checking PB 13 BS 6827 - Due Date: 2025-09-04 - DiffDays: 19","metadata":{"emulator":{"name":"functions"},"function":{"name":"us-central1-sendEmiAlerts"},"extension":{},"message":"\u001b[90m> \u001b[39m Checking PB 13 BS 6827 - Due Date: 2025-09-04 - DiffDays: 19"}}
[info] >  Checking PB 13 BT 5232 - Due Date: 2025-09-01 - DiffDays: 16 {"user":"Checking PB 13 BT 5232 - Due Date: 2025-09-01 - DiffDays: 16","metadata":{"emulator":{"name":"functions"},"function":{"name":"us-central1-sendEmiAlerts"},"extension":{},"message":"\u001b[90m> \u001b[39m Checking PB 13 BT 5232 - Due Date: 2025-09-01 - DiffDays: 16"}}
[info] >  ⚠ Skipping N/A: Invalid Paid Date {"user":"⚠ Skipping N/A: Invalid Paid Date","metadata":{"emulator":{"name":"functions"},"function":{"name":"us-central1-sendEmiAlerts"},"extension":{},"message":"\u001b[90m> \u001b[39m ⚠ Skipping N/A: Invalid Paid Date"}}
[info] >  Checking PB 13 BT 3361 - Due Date: 2025-09-05 - DiffDays: 20 {"user":"Checking PB 13 BT 3361 - Due Date: 2025-09-05 - DiffDays: 20","metadata":{"emulator":{"name":"functions"},"function":{"name":"us-central1-sendEmiAlerts"},"extension":{},"message":"\u001b[90m> \u001b[39m Checking PB 13 BT 3361 - Due Date: 2025-09-05 - DiffDays: 20"}}
[info] >  Checking PB 19 X 0864 - Due Date: 2025-09-05 - DiffDays: 20 {"user":"Checking PB 19 X 0864 - Due Date: 2025-09-05 - DiffDays: 20","metadata":{"emulator":{"name":"functions"},"function":{"name":"us-central1-sendEmiAlerts"},"extension":{},"message":"\u001b[90m> \u001b[39m Checking PB 19 X 0864 - Due Date: 2025-09-05 - DiffDays: 20"}}
[info] >  ⚠ Skipping PB 19 X 2977: Invalid Paid Date {"user":"⚠ Skipping PB 19 X 2977: Invalid Paid Date","metadata":{"emulator":{"name":"functions"},"function":{"name":"us-central1-sendEmiAlerts"},"extension":{},"message":"\u001b[90m> \u001b[39m ⚠ Skipping PB 19 X 2977: Invalid Paid Date"}}
[info] >  Checking PB 03 BH 0897 - Due Date: 2025-09-15 - DiffDays: 30 {"user":"Checking PB 03 BH 0897 - Due Date: 2025-09-15 - DiffDays: 30","metadata":{"emulator":{"name":"functions"},"function":{"name":"us-central1-sendEmiAlerts"},"extension":{},"message":"\u001b[90m> \u001b[39m Checking PB 03 BH 0897 - Due Date: 2025-09-15 - DiffDays: 30"}}
[info] >  Checking PB 03 BQ 6814 - Due Date: 2025-09-05 - DiffDays: 20 {"user":"Checking PB 03 BQ 6814 - Due Date: 2025-09-05 - DiffDays: 20","metadata":{"emulator":{"name":"functions"},"function":{"name":"us-central1-sendEmiAlerts"},"extension":{},"message":"\u001b[90m> \u001b[39m Checking PB 03 BQ 6814 - Due Date: 2025-09-05 - DiffDays: 20"}}
[info] >  Checking PB 13 BP 0248 - Due Date: 2025-08-20 - DiffDays: 4 {"user":"Checking PB 13 BP 0248 - Due Date: 2025-08-20 - DiffDays: 4","metadata":{"emulator":{"name":"functions"},"function":{"name":"us-central1-sendEmiAlerts"},"extension":{},"message":"\u001b[90m> \u001b[39m Checking PB 13 BP 0248 - Due Date: 2025-08-20 - DiffDays: 4"}}
[info] >  ⚠ Skipping N/A: Invalid Paid Date {"user":"⚠ Skipping N/A: Invalid Paid Date","metadata":{"emulator":{"name":"functions"},"function":{"name":"us-central1-sendEmiAlerts"},"extension":{},"message":"\u001b[90m> \u001b[39m ⚠ Skipping N/A: Invalid Paid Date"}}
[info] >  Checking PB 31 Y 3792 - Due Date: 2025-09-15 - DiffDays: 30 {"user":"Checking PB 31 Y 3792 - Due Date: 2025-09-15 - DiffDays: 30","metadata":{"emulator":{"name":"functions"},"function":{"name":"us-central1-sendEmiAlerts"},"extension":{},"message":"\u001b[90m> \u001b[39m Checking PB 31 Y 3792 - Due Date: 2025-09-15 - DiffDays: 30"}}
[info] >  Checking PB 19 X 0866 - Due Date: 2025-09-07 - DiffDays: 22 {"user":"Checking PB 19 X 0866 - Due Date: 2025-09-07 - DiffDays: 22","metadata":{"emulator":{"name":"functions"},"function":{"name":"us-central1-sendEmiAlerts"},"extension":{},"message":"\u001b[90m> \u001b[39m Checking PB 19 X 0866 - Due Date: 2025-09-07 - DiffDays: 22"}}
[info] >  Checking PB 31 Z 2807 - Due Date: 2025-09-07 - DiffDays: 22 {"user":"Checking PB 31 Z 2807 - Due Date: 2025-09-07 - DiffDays: 22","metadata":{"emulator":{"name":"functions"},"function":{"name":"us-central1-sendEmiAlerts"},"extension":{},"message":"\u001b[90m> \u001b[39m Checking PB 31 Z 2807 - Due Date: 2025-09-07 - DiffDays: 22"}}
[info] >  Checking PB 13 BL 4878 - Due Date: 2025-09-10 - DiffDays: 25 {"user":"Checking PB 13 BL 4878 - Due Date: 2025-09-10 - DiffDays: 25","metadata":{"emulator":{"name":"functions"},"function":{"name":"us-central1-sendEmiAlerts"},"extension":{},"message":"\u001b[90m> \u001b[39m Checking PB 13 BL 4878 - Due Date: 2025-09-10 - DiffDays: 25"}}
[info] >  Checking PB 13 BL 6613 - Due Date: 2025-09-10 - DiffDays: 25 {"user":"Checking PB 13 BL 6613 - Due Date: 2025-09-10 - DiffDays: 25","metadata":{"emulator":{"name":"functions"},"function":{"name":"us-central1-sendEmiAlerts"},"extension":{},"message":"\u001b[90m> \u001b[39m Checking PB 13 BL 6613 - Due Date: 2025-09-10 - DiffDays: 25"}}
[info] >  Checking PB 13 BT 6847 - Due Date: 2025-09-07 - DiffDays: 22 {"user":"Checking PB 13 BT 6847 - Due Date: 2025-09-07 - DiffDays: 22","metadata":{"emulator":{"name":"functions"},"function":{"name":"us-central1-sendEmiAlerts"},"extension":{},"message":"\u001b[90m> \u001b[39m Checking PB 13 BT 6847 - Due Date: 2025-09-07 - DiffDays: 22"}}
[info] >  Checking PB 13 BM 1502 - Due Date: 2025-08-20 - DiffDays: 4 {"user":"Checking PB 13 BM 1502 - Due Date: 2025-08-20 - DiffDays: 4","metadata":{"emulator":{"name":"functions"},"function":{"name":"us-central1-sendEmiAlerts"},"extension":{},"message":"\u001b[90m> \u001b[39m Checking PB 13 BM 1502 - Due Date: 2025-08-20 - DiffDays: 4"}}
[info] >  Checking PB 11 CX 7346 - Due Date: 2025-09-05 - DiffDays: 20 {"user":"Checking PB 11 CX 7346 - Due Date: 2025-09-05 - DiffDays: 20","metadata":{"emulator":{"name":"functions"},"function":{"name":"us-central1-sendEmiAlerts"},"extension":{},"message":"\u001b[90m> \u001b[39m Checking PB 11 CX 7346 - Due Date: 2025-09-05 - DiffDays: 20"}}
[info] >  Checking PB12ABC34 - Due Date: 2025-09-02 - DiffDays: 17 {"user":"Checking PB12ABC34 - Due Date: 2025-09-02 - DiffDays: 17","metadata":{"emulator":{"name":"functions"},"function":{"name":"us-central1-sendEmiAlerts"},"extension":{},"message":"\u001b[90m> \u001b[39m Checking PB12ABC34 - Due Date: 2025-09-02 - DiffDays: 17"}}
[info] >  Checking PB 13 BQ 8395 - Due Date: 2025-09-15 - DiffDays: 30 {"user":"Checking PB 13 BQ 8395 - Due Date: 2025-09-15 - DiffDays: 30","metadata":{"emulator":{"name":"functions"},"function":{"name":"us-central1-sendEmiAlerts"},"extension":{},"message":"\u001b[90m> \u001b[39m Checking PB 13 BQ 8395 - Due Date: 2025-09-15 - DiffDays: 30"}}
[info] >  Checking PB 19 X 2789 - Due Date: 2025-09-10 - DiffDays: 25 {"user":"Checking PB 19 X 2789 - Due Date: 2025-09-10 - DiffDays: 25","metadata":{"emulator":{"name":"functions"},"function":{"name":"us-central1-sendEmiAlerts"},"extension":{},"message":"\u001b[90m> \u001b[39m Checking PB 19 X 2789 - Due Date: 2025-09-10 - DiffDays: 25"}}
[info] >  Checking PB 03 BS 2313 - Due Date: 2025-09-05 - DiffDays: 20 {"user":"Checking PB 03 BS 2313 - Due Date: 2025-09-05 - DiffDays: 20","metadata":{"emulator":{"name":"functions"},"function":{"name":"us-central1-sendEmiAlerts"},"extension":{},"message":"\u001b[90m> \u001b[39m Checking PB 03 BS 2313 - Due Date: 2025-09-05 - DiffDays: 20"}}
[info] >  Checking PB 19 X 2298 - Due Date: 2025-08-29 - DiffDays: 13 {"user":"Checking PB 19 X 2298 - Due Date: 2025-08-29 - DiffDays: 13","metadata":{"emulator":{"name":"functions"},"function":{"name":"us-central1-sendEmiAlerts"},"extension":{},"message":"\u001b[90m> \u001b[39m Checking PB 19 X 2298 - Due Date: 2025-08-29 - DiffDays: 13"}}
[info] >  ✔️ EMI alert check completed. Total emails sent: 16 {"user":"✔️ EMI alert check completed. Total emails sent: 16","metadata":{"emulator":{"name":"functions"},"function":{"name":"us-central1-sendEmiAlerts"},"extension":{},"message":"\u001b[90m> \u001b[39m ✔️ EMI alert check completed. Total emails sent: 16"}}
